<?xml version="1.0" encoding="UTF-8"?>
<TestRun id="710646bf-f3d3-4b95-a2e6-1575a36d6e17" name="wenzliu@WENZLIU-BOOK1 2017-09-06 11:20:46" runUser="REDMOND\wenzliu" xmlns="http://microsoft.com/schemas/VisualStudio/TeamTest/2010">
  <Times creation="2017-09-06T11:20:46.9293407-07:00" queuing="2017-09-06T11:20:46.9293407-07:00" start="2017-09-06T11:20:44.9914441-07:00" finish="2017-09-06T11:20:46.9703143-07:00" />
  <TestSettings name="default" id="63f27f74-b72c-471d-a6e4-4b6e1e28c01c">
    <Deployment runDeploymentRoot="wenzliu_WENZLIU-BOOK1 2017-09-06 11_20_46" />
  </TestSettings>
  <Results>
    <UnitTestResult executionId="37e7ae07-2e9a-4751-8cc0-dcf69e3e526a" testId="896cb5e0-2d14-fbe4-aaea-56bff32722f7" testName="TestKeepAliveInNightWatchCSharp" computerName="WENZLIU-BOOK1" duration="00:00:00.3908135" startTime="2017-09-06T11:20:46.2905872-07:00" endTime="2017-09-06T11:20:46.7306145-07:00" testType="13cdc9d9-ddb5-4fa4-a97d-d965ccfc6d4b" outcome="Passed" testListId="8c84fa94-04c1-424b-9868-57a2d4851a1d" relativeResultsDirectory="37e7ae07-2e9a-4751-8cc0-dcf69e3e526a" />
    <UnitTestResult executionId="f49fd3c3-1913-4d71-be38-d8f730392df7" testId="02e22d50-426a-0569-8583-40eee715cd92" testName="TestEndToEndInNightWatchCSharp" computerName="WENZLIU-BOOK1" duration="00:00:00.0091547" startTime="2017-09-06T11:20:46.7376152-07:00" endTime="2017-09-06T11:20:46.7476247-07:00" testType="13cdc9d9-ddb5-4fa4-a97d-d965ccfc6d4b" outcome="Passed" testListId="8c84fa94-04c1-424b-9868-57a2d4851a1d" relativeResultsDirectory="f49fd3c3-1913-4d71-be38-d8f730392df7" />
  </Results>
  <TestDefinitions>
    <UnitTest name="TestKeepAliveInNightWatchCSharp" storage="c:\workplace\repos\falconcoreservices\services\serviceprober\tests\nightwatchtestscsharp\objd\anycpu\microsoft.falcon.serviceprober.nightwatchtestscsharp.dll" id="896cb5e0-2d14-fbe4-aaea-56bff32722f7">
      <Execution id="37e7ae07-2e9a-4751-8cc0-dcf69e3e526a" />
      <TestMethod codeBase="C:\workplace\repos\falconCoreServices\services\ServiceProber\tests\NightWatchTestsCSharp\objd\AnyCPU\Microsoft.Falcon.ServiceProber.NightWatchTestsCSharp.dll" executorUriOfAdapter="executor://mstestadapter/v1" className="Microsoft.Falcon.ServiceProber.NightWatchTestsCSharp.KeepAliveControllerTestsCSharp" name="TestKeepAliveInNightWatchCSharp" />
    </UnitTest>
    <UnitTest name="TestEndToEndInNightWatchCSharp" storage="c:\workplace\repos\falconcoreservices\services\serviceprober\tests\nightwatchtestscsharp\objd\anycpu\microsoft.falcon.serviceprober.nightwatchtestscsharp.dll" id="02e22d50-426a-0569-8583-40eee715cd92">
      <Execution id="f49fd3c3-1913-4d71-be38-d8f730392df7" />
      <TestMethod codeBase="C:\workplace\repos\falconCoreServices\services\ServiceProber\tests\NightWatchTestsCSharp\objd\AnyCPU\Microsoft.Falcon.ServiceProber.NightWatchTestsCSharp.dll" executorUriOfAdapter="executor://mstestadapter/v1" className="Microsoft.Falcon.ServiceProber.NightWatchTestsCSharp.EndToEndTestControllerTestCSharp" name="TestEndToEndInNightWatchCSharp" />
    </UnitTest>
  </TestDefinitions>
  <TestEntries>
    <TestEntry testId="896cb5e0-2d14-fbe4-aaea-56bff32722f7" executionId="37e7ae07-2e9a-4751-8cc0-dcf69e3e526a" testListId="8c84fa94-04c1-424b-9868-57a2d4851a1d" />
    <TestEntry testId="02e22d50-426a-0569-8583-40eee715cd92" executionId="f49fd3c3-1913-4d71-be38-d8f730392df7" testListId="8c84fa94-04c1-424b-9868-57a2d4851a1d" />
  </TestEntries>
  <TestLists>
    <TestList name="Results Not in a List" id="8c84fa94-04c1-424b-9868-57a2d4851a1d" />
    <TestList name="All Loaded Results" id="19431567-8539-422a-85d7-44ee4e166bda" />
  </TestLists>
  <ResultSummary outcome="Completed">
    <Counters total="2" executed="2" passed="2" failed="0" error="0" timeout="0" aborted="0" inconclusive="0" passedButRunAborted="0" notRunnable="0" notExecuted="0" disconnected="0" warning="0" completed="0" inProgress="0" pending="0" />
  </ResultSummary>
</TestRun>